<?xml version="1.0" encoding="UTF-8"?>
<testng-results ignored="0" total="1" passed="1" failed="0" skipped="0">
  <reporter-output>
  </reporter-output>
  <suite started-at="2024-12-12T19:30:17Z" name="Default suite" finished-at="2024-12-12T19:30:41Z" duration-ms="23725">
    <groups>
    </groups>
    <test started-at="2024-12-12T19:30:17Z" name="Default test" finished-at="2024-12-12T19:30:41Z" duration-ms="23725">
      <class name="base_class.BaseClass">
        <test-method is-config="true" signature="setup()[pri:0, instance:base_class.BaseClass@6b09fb41]" started-at="2024-12-12T19:30:17Z" name="setup" finished-at="2024-12-12T19:30:27Z" duration-ms="9312" status="PASS">
          <reporter-output>
          </reporter-output>
        </test-method> <!-- setup -->
        <test-method signature="sampleTest()[pri:0, instance:base_class.BaseClass@6b09fb41]" started-at="2024-12-12T19:30:27Z" name="sampleTest" finished-at="2024-12-12T19:30:40Z" duration-ms="13734" status="PASS">
          <reporter-output>
          </reporter-output>
        </test-method> <!-- sampleTest -->
        <test-method is-config="true" signature="teardown()[pri:0, instance:base_class.BaseClass@6b09fb41]" started-at="2024-12-12T19:30:40Z" name="teardown" finished-at="2024-12-12T19:30:41Z" duration-ms="661" status="PASS">
          <reporter-output>
          </reporter-output>
        </test-method> <!-- teardown -->
      </class> <!-- base_class.BaseClass -->
    </test> <!-- Default test -->
  </suite> <!-- Default suite -->
</testng-results>
